<?xml version="1.0" encoding="UTF-8"?>
<!-- Generated by org.testng.reporters.JUnitReportReporter -->
<testsuite hostname="WPLNXQVWDI30X4N" name="com.Interface.run.LoginRunCase" tests="1" failures="0" timestamp="29 Dec 2016 03:20:11 GMT" time="10.662" errors="0">
  <testcase name="LoginApi" time="10.662" classname="com.Interface.run.LoginRunCase"/>
</testsuite> <!-- com.Interface.run.LoginRunCase -->
